<?xml version="1.0" encoding="UTF-8"?>
<!-- Generated by org.testng.reporters.JUnitReportReporter -->
<testsuite skipped="0" hostname="DESKTOP-0VFBSSQ" name="org.testng.Sample" tests="1" failures="0" timestamp="20 Oct 2021 07:27:13 GMT" time="3.323" errors="0">
  <testcase name="test" time="3.323" classname="org.testng.Sample"/>
</testsuite> <!-- org.testng.Sample -->
